Started GET "/" for 127.0.0.1 at 2018-02-23 14:31:35 -0500
Processing by WelcomeController#home as HTML
  Rendering welcome/home.html.erb within layouts/application
  Rendered welcome/home.html.erb within layouts/application (2.4ms)
Completed 200 OK in 1991ms (Views: 1354.1ms)


Started GET "/rayyi" for 127.0.0.1 at 2018-02-23 14:36:54 -0500
Processing by WelcomeController#rayyi as HTML
  Rendering welcome/rayyi.html.erb within layouts/application
  Rendered welcome/rayyi.html.erb within layouts/application (0.4ms)
Completed 200 OK in 82ms (Views: 81.2ms)


Started GET "/" for 127.0.0.1 at 2018-02-23 14:36:57 -0500
Processing by WelcomeController#home as HTML
  Rendering welcome/home.html.erb within layouts/application
  Rendered welcome/home.html.erb within layouts/application (1.9ms)
Completed 200 OK in 80ms (Views: 78.6ms)


Started GET "/songs" for 127.0.0.1 at 2018-02-23 14:37:06 -0500
Processing by WelcomeController#songs as HTML
  Rendering welcome/songs.html.erb within layouts/application
  Rendered welcome/songs.html.erb within layouts/application (15.0ms)
Completed 200 OK in 87ms (Views: 86.1ms)


Started GET "/" for 127.0.0.1 at 2018-02-23 15:04:27 -0500
Processing by WelcomeController#home as HTML
  Rendering welcome/home.html.erb within layouts/application
  Rendered welcome/home.html.erb within layouts/application (0.9ms)
Completed 200 OK in 39ms (Views: 38.6ms)


Started GET "/" for 127.0.0.1 at 2018-02-23 15:04:40 -0500
Processing by WelcomeController#home as HTML
  Rendering welcome/home.html.erb within layouts/application
  Rendered welcome/home.html.erb within layouts/application (0.8ms)
Completed 200 OK in 38ms (Views: 37.0ms)


Started GET "/songs" for 127.0.0.1 at 2018-02-23 15:04:54 -0500
Processing by WelcomeController#songs as HTML
  Rendering welcome/songs.html.erb within layouts/application
  Rendered welcome/songs.html.erb within layouts/application (4.5ms)
Completed 200 OK in 50ms (Views: 48.8ms)


Started GET "/songs" for 127.0.0.1 at 2018-02-23 15:04:59 -0500
Processing by WelcomeController#songs as HTML
  Rendering welcome/songs.html.erb within layouts/application
  Rendered welcome/songs.html.erb within layouts/application (5.6ms)
Completed 200 OK in 37ms (Views: 36.7ms)


Started GET "/" for 127.0.0.1 at 2018-02-23 15:05:32 -0500
Processing by WelcomeController#home as HTML
  Rendering welcome/home.html.erb within layouts/application
  Rendered welcome/home.html.erb within layouts/application (1.9ms)
Completed 200 OK in 56ms (Views: 54.5ms)


Started GET "/" for 127.0.0.1 at 2018-02-23 15:05:44 -0500
Processing by WelcomeController#home as HTML
  Rendering welcome/home.html.erb within layouts/application
  Rendered welcome/home.html.erb within layouts/application (1.9ms)
Completed 200 OK in 79ms (Views: 74.1ms)


Started GET "/" for 127.0.0.1 at 2018-02-23 15:06:47 -0500
Processing by WelcomeController#home as HTML
  Rendering welcome/home.html.erb within layouts/application
  Rendered welcome/home.html.erb within layouts/application (8.9ms)
Completed 200 OK in 1019ms (Views: 468.0ms)


Started GET "/" for 127.0.0.1 at 2018-02-23 15:18:42 -0500
Processing by WelcomeController#home as HTML
  Rendering welcome/home.html.erb within layouts/application
  Rendered welcome/home.html.erb within layouts/application (1.6ms)
Completed 200 OK in 2005ms (Views: 1504.9ms)


Started GET "/songs" for 127.0.0.1 at 2018-02-23 15:18:58 -0500
Processing by WelcomeController#songs as HTML
  Rendering welcome/songs.html.erb within layouts/application
  Rendered welcome/songs.html.erb within layouts/application (18.8ms)
Completed 200 OK in 103ms (Views: 101.1ms)


Started GET "/" for 127.0.0.1 at 2018-02-23 15:19:12 -0500
Processing by WelcomeController#home as HTML
  Rendering welcome/home.html.erb within layouts/application
  Rendered welcome/home.html.erb within layouts/application (2.8ms)
Completed 200 OK in 50ms (Views: 48.7ms)


Started GET "/rayyi" for 127.0.0.1 at 2018-02-23 15:19:22 -0500
Processing by WelcomeController#rayyi as HTML
  Rendering welcome/rayyi.html.erb within layouts/application
  Rendered welcome/rayyi.html.erb within layouts/application (2.7ms)
Completed 200 OK in 62ms (Views: 60.5ms)


Started GET "/" for 127.0.0.1 at 2018-02-23 15:19:30 -0500
Processing by WelcomeController#home as HTML
  Rendering welcome/home.html.erb within layouts/application
  Rendered welcome/home.html.erb within layouts/application (3.2ms)
Completed 200 OK in 44ms (Views: 43.3ms)


Started GET "/" for 127.0.0.1 at 2018-02-23 15:20:07 -0500
Processing by WelcomeController#home as HTML
  Rendering welcome/home.html.erb within layouts/application
  Rendered welcome/home.html.erb within layouts/application (0.9ms)
Completed 200 OK in 43ms (Views: 42.2ms)


Started GET "/" for 127.0.0.1 at 2018-02-23 15:22:29 -0500
Processing by WelcomeController#home as HTML
  Rendering welcome/home.html.erb within layouts/application
  Rendered welcome/home.html.erb within layouts/application (2.6ms)
Completed 200 OK in 84ms (Views: 83.2ms)


Started GET "/" for 127.0.0.1 at 2018-02-26 09:16:52 -0500
Processing by WelcomeController#home as HTML
  Rendering welcome/home.html.erb within layouts/application
  Rendered welcome/home.html.erb within layouts/application (12.5ms)
Completed 200 OK in 3846ms (Views: 1455.1ms)


Started GET "/songs" for 127.0.0.1 at 2018-02-26 09:21:18 -0500
Processing by WelcomeController#songs as HTML
  Rendering welcome/songs.html.erb within layouts/application
  Rendered welcome/songs.html.erb within layouts/application (3.4ms)
Completed 200 OK in 53ms (Views: 52.2ms)


Started GET "/" for 127.0.0.1 at 2018-02-26 09:21:26 -0500
Processing by WelcomeController#home as HTML
  Rendering welcome/home.html.erb within layouts/application
  Rendered welcome/home.html.erb within layouts/application (1.0ms)
Completed 200 OK in 112ms (Views: 111.2ms)


